The system is: Linux - 3.10.0-693.el7.x86_64 - x86_64
Compiling the Fortran compiler identification source file "CMakeFortranCompilerId.F" succeeded.
Compiler: /public/home/wab/software/intel/inteloneapi/compiler/latest/linux/bin/intel64/ifort 
Build flags: 
Id flags: -v 

The output was:
0
ifort version 19.1
/public/home/wab/software/intel/inteloneapi/compiler/2021.1-beta04/linux/bin/intel64/fpp    -D__INTEL_COMPILER=1910 -D__INTEL_COMPILER_UPDATE=0 -D__unix__ -D__unix -D__linux__ -D__linux -D__gnu_linux__ -Dunix -Dlinux -D__ELF__ -D__x86_64 -D__x86_64__ -D__amd64 -D__amd64__ -D__INTEL_COMPILER_BUILD_DATE=20200117 -D__INTEL_OFFLOAD -D__MMX__ -D__SSE__ -D__SSE_MATH__ -D__SSE2__ -D__SSE2_MATH__ -D__pentium4 -D__pentium4__ -D__tune_pentium4__ -I. -I/public/home/wab/software/intel/inteloneapi/mpi/2021.1-beta04//include -I/public/home/wab/software/intel/inteloneapi/compiler/latest/linux/include -I/public/software//compiler/intel/intel-compiler-2017.5.239/mkl/include -I/public/home/wab/software/intel/inteloneapi/mpi/2021.1-beta04//include -I/public/home/wab/software/intel/inteloneapi/compiler/latest/linux/include -I/public/software//compiler/intel/intel-compiler-2017.5.239/mkl/include -I/public/software//compiler/intel/intel-compiler-2017.5.239/mkl/include -I/public/software//compiler/intel/intel-compiler-2017.5.239/tbb/include -I/public/home/wab/software/intel/inteloneapi/compiler/2021.1-beta04/linux/compiler/include/intel64 -I/public/home/wab/software/intel/inteloneapi/compiler/2021.1-beta04/linux/compiler/include/icc -I/public/home/wab/software/intel/inteloneapi/compiler/2021.1-beta04/linux/compiler/include -I/usr/local/include -I/usr/lib/gcc/x86_64-redhat-linux/4.8.5/include -I/usr/include/ -I/usr/include -fixed -4Ycpp -4Ncvf -f_com=yes -MX CMakeFortranCompilerId.F /tmp/ifort5IjmAF.i
#include "..." search starts here:
#include <...> search starts here:
 .
 /public/home/wab/software/intel/inteloneapi/mpi/2021.1-beta04//include
 /public/software//compiler/intel/intel-compiler-2017.5.239/mkl/include
 /public/home/wab/software/intel/inteloneapi/mpi/2021.1-beta04//include
 /public/software//compiler/intel/intel-compiler-2017.5.239/mkl/include
 /public/software//compiler/intel/intel-compiler-2017.5.239/mkl/include
 /public/software//compiler/intel/intel-compiler-2017.5.239/tbb/include
 /public/home/wab/software/intel/inteloneapi/compiler/2021.1-beta04/linux/compiler/include/intel64
 /public/home/wab/software/intel/inteloneapi/compiler/2021.1-beta04/linux/compiler/include/icc
 /public/home/wab/software/intel/inteloneapi/compiler/2021.1-beta04/linux/compiler/include
 /usr/local/include
 /usr/lib/gcc/x86_64-redhat-linux/4.8.5/include
 /usr/include/
 /usr/include
End of search list.
/public/home/wab/software/intel/inteloneapi/compiler/2021.1-beta04/linux/bin/intel64/fortcom    -D__INTEL_COMPILER=1910 -D__INTEL_COMPILER_UPDATE=0 -D__unix__ -D__unix -D__linux__ -D__linux -D__gnu_linux__ -Dunix -Dlinux -D__ELF__ -D__x86_64 -D__x86_64__ -D__amd64 -D__amd64__ -D__INTEL_COMPILER_BUILD_DATE=20200117 -D__INTEL_OFFLOAD -D__MMX__ -D__SSE__ -D__SSE_MATH__ -D__SSE2__ -D__SSE2_MATH__ -D__pentium4 -D__pentium4__ -D__tune_pentium4__ -I. -I/public/home/wab/software/intel/inteloneapi/mpi/2021.1-beta04//include -I/public/home/wab/software/intel/inteloneapi/compiler/latest/linux/include -I/public/software//compiler/intel/intel-compiler-2017.5.239/mkl/include -I/public/home/wab/software/intel/inteloneapi/mpi/2021.1-beta04//include -I/public/home/wab/software/intel/inteloneapi/compiler/latest/linux/include -I/public/software//compiler/intel/intel-compiler-2017.5.239/mkl/include -I/public/software//compiler/intel/intel-compiler-2017.5.239/mkl/include -I/public/software//compiler/intel/intel-compiler-2017.5.239/tbb/include -I/public/home/wab/software/intel/inteloneapi/compiler/2021.1-beta04/linux/compiler/include/intel64 -I/public/home/wab/software/intel/inteloneapi/compiler/2021.1-beta04/linux/compiler/include/icc -I/public/home/wab/software/intel/inteloneapi/compiler/2021.1-beta04/linux/compiler/include -I/usr/local/include -I/usr/lib/gcc/x86_64-redhat-linux/4.8.5/include -I/usr/include/ -I/usr/include -omp_simd -O2 "-reentrancy threaded" -simd -offload_host -mGLOB_em64t=TRUE -mP1OPT_version=19.1-intel64 -mGLOB_diag_file=/tmp/ifortmvRASm.diag -mGLOB_long_size_64 -mGLOB_routine_pointer_size_64 -mGLOB_source_language=GLOB_SOURCE_LANGUAGE_F90 -mP2OPT_static_promotion -mGLOB_pack_sort_init_list -mP1OPT_print_version=FALSE -mCG_use_gas_got_workaround=F -mP2OPT_align_option_used=TRUE -mGLOB_gcc_version=485 -mGLOB_options_string=-v -mGLOB_cxx_limited_range=FALSE -mCG_extend_parms=FALSE -mGLOB_compiler_bin_directory=/public/home/wab/software/intel/inteloneapi/compiler/2021.1-beta04/linux/bin/intel64 -mGLOB_as_output_backup_file_name=/tmp/ifortRJlabhas_.s -mGLOB_dashboard_use_source_name -mIPOPT_activate -mIPOPT_lite -mGLOB_uarch_tuning=0x0 -mGLOB_product_id_code=0x22006d91 -mCG_bnl_movbe=T -mP3OPT_use_mspp_call_convention -mP2OPT_subs_out_of_bound=FALSE -mP2OPT_disam_type_based_disam=2 -mGLOB_ansi_alias -mPGOPTI_value_profile_use=T -mGLOB_opt_report_use_source_name -mGLOB_offload_mode=1 -mP2OPT_offload_unique_var_string=ifort1662850736UHDoha -mP2OPT_hlo_level=2 -mP2OPT_hlo -mP2OPT_hpo_rtt_control=0 -mIPOPT_args_in_regs=0 -mP2OPT_disam_assume_nonstd_intent_in=FALSE -mGLOB_imf_mapping_library=/public/home/wab/software/intel/inteloneapi/compiler/2021.1-beta04/linux/bin/intel64/libiml_attr.so -mIPOPT_single_file_compile_and_link=TRUE -mPGOPTI_gen_threadsafe_level=0 -mIPOPT_lto_object_enabled -mIPOPT_lto_object_value=1 -mIPOPT_obj_output_file_name=/tmp/ifortmvRASm.o -mIPOPT_whole_archive_fixup_file_name=/tmp/ifortwarchnWiSQS -mGLOB_linker_version=2.25.1 -mGLOB_linker=ld -mGLOB_driver_tempfile_name=/tmp/iforttempfileG9s5Gb -mP3OPT_asm_target=P3OPT_ASM_TARGET_GAS -mGLOB_async_unwind_tables=TRUE -mGLOB_obj_output_file=/tmp/ifortmvRASm.o -mGLOB_source_dialect=GLOB_SOURCE_DIALECT_FORTRAN -mP1OPT_source_file_name=CMakeFortranCompilerId.F -mP1OPT_full_source_file_name=/public/home/wab/lijh/GMCORE_v/thesis/baroclinic/steady_state/error/build/CMakeFiles/3.11.2/CompilerIdFortran/CMakeFortranCompilerId.F -mP2OPT_symtab_type_copy=true /tmp/ifort5IjmAF.i
#include "..." search starts here:
#include <...> search starts here:
 .
 /public/home/wab/software/intel/inteloneapi/mpi/2021.1-beta04//include
 /public/software//compiler/intel/intel-compiler-2017.5.239/mkl/include
 /public/home/wab/software/intel/inteloneapi/mpi/2021.1-beta04//include
 /public/software//compiler/intel/intel-compiler-2017.5.239/mkl/include
 /public/software//compiler/intel/intel-compiler-2017.5.239/mkl/include
 /public/software//compiler/intel/intel-compiler-2017.5.239/tbb/include
 /public/home/wab/software/intel/inteloneapi/compiler/2021.1-beta04/linux/compiler/include/intel64
 /public/home/wab/software/intel/inteloneapi/compiler/2021.1-beta04/linux/compiler/include/icc
 /public/home/wab/software/intel/inteloneapi/compiler/2021.1-beta04/linux/compiler/include
 /usr/local/include
 /usr/lib/gcc/x86_64-redhat-linux/4.8.5/include
 /usr/include/
 /usr/include
End of search list.
ld    /usr/lib/gcc/x86_64-redhat-linux/4.8.5/../../../../lib64/crt1.o /usr/lib/gcc/x86_64-redhat-linux/4.8.5/../../../../lib64/crti.o /usr/lib/gcc/x86_64-redhat-linux/4.8.5/crtbegin.o --eh-frame-hdr --build-id -dynamic-linker /lib64/ld-linux-x86-64.so.2 -m elf_x86_64 -o a.out /public/home/wab/software/intel/inteloneapi/compiler/2021.1-beta04/linux/compiler/lib/intel64_lin/for_main.o -L/public/home/wab/software/intel/inteloneapi/mpi/2021.1-beta04//libfabric/lib -L/public/home/wab/software/intel/inteloneapi/mpi/2021.1-beta04//lib/release -L/public/home/wab/software/intel/inteloneapi/mpi/2021.1-beta04//lib -L/public/home/wab/software/intel/inteloneapi/compiler/latest/linux/lib -L/public/software//compiler/intel/intel-compiler-2017.5.239/compiler/lib/intel64_lin -L/public/software//compiler/intel/intel-compiler-2017.5.239/mkl/lib/intel64_lin -L/public/home/wab/software/intel/inteloneapi/mpi/2021.1-beta04//libfabric/lib -L/public/home/wab/software/intel/inteloneapi/mpi/2021.1-beta04//lib/release -L/public/home/wab/software/intel/inteloneapi/mpi/2021.1-beta04//lib -L/public/home/wab/software/intel/inteloneapi/compiler/latest/linux/lib -L/public/software//compiler/intel/intel-compiler-2017.5.239/compiler/lib/intel64_lin -L/public/software//compiler/intel/intel-compiler-2017.5.239/mkl/lib/intel64_lin -L/public/software//compiler/intel/intel-compiler-2017.5.239/compiler/lib/intel64 -L/public/software//compiler/intel/intel-compiler-2017.5.239/mkl/lib/intel64 -L/public/software//compiler/intel/intel-compiler-2017.5.239/tbb/lib/intel64 -L/public/software//compiler/intel/intel-compiler-2017.5.239/compiler/lib/intel64_lin -L/public/software//compiler/intel/intel-compiler-2017.5.239/mkl/lib/intel64_lin -L/public/software//compiler/intel/intel-compiler-2017.5.239/tbb/lib/intel64/gcc4.7 -L/public/home/wab/software/intel/inteloneapi/compiler/2021.1-beta04/linux/compiler/lib/intel64_lin -L/usr/lib/gcc/x86_64-redhat-linux/4.8.5/ -L/usr/lib/gcc/x86_64-redhat-linux/4.8.5/../../../../lib64 -L/usr/lib/gcc/x86_64-redhat-linux/4.8.5/../../../../lib64/ -L/lib/../lib64 -L/lib/../lib64/ -L/usr/lib/../lib64 -L/usr/lib/../lib64/ -L/public/home/wab/software/intel/inteloneapi/mpi/2021.1-beta04//libfabric/lib/ -L/public/home/wab/software/intel/inteloneapi/mpi/2021.1-beta04//lib/release/ -L/public/home/wab/software/intel/inteloneapi/mpi/2021.1-beta04//lib/ -L/public/home/wab/software/intel/inteloneapi/compiler/latest/linux/lib/ -L/public/software//compiler/intel/intel-compiler-2017.5.239/compiler/lib/intel64_lin/ -L/public/software//compiler/intel/intel-compiler-2017.5.239/mkl/lib/intel64_lin/ -L/public/software//compiler/intel/intel-compiler-2017.5.239/compiler/lib/intel64/ -L/public/software//compiler/intel/intel-compiler-2017.5.239/mkl/lib/intel64/ -L/public/software//compiler/intel/intel-compiler-2017.5.239/tbb/lib/intel64/ -L/public/software//compiler/intel/intel-compiler-2017.5.239/tbb/lib/intel64/gcc4.7/ -L/usr/lib/gcc/x86_64-redhat-linux/4.8.5/../../../ -L/lib64 -L/lib/ -L/usr/lib64 -L/usr/lib /tmp/ifortmvRASm.o -Bdynamic -Bstatic -lifport -lifcoremt -limf -lsvml -Bdynamic -lm -Bstatic -lipgo -lirc -Bdynamic -lpthread -Bstatic -lsvml -Bdynamic -lc -lgcc -lgcc_s -Bstatic -lirc_s -Bdynamic -ldl -lc /usr/lib/gcc/x86_64-redhat-linux/4.8.5/crtend.o /usr/lib/gcc/x86_64-redhat-linux/4.8.5/../../../../lib64/crtn.o


Compilation of the Fortran compiler identification source "CMakeFortranCompilerId.F" produced "a.out"

The Fortran compiler identification is Intel, found in "/public/home/wab/lijh/GMCORE_v/thesis/baroclinic/steady_state/error/build/CMakeFiles/3.11.2/CompilerIdFortran/a.out"

Determining if the Fortran compiler works passed with the following output:
Change Dir: /public/home/wab/lijh/GMCORE_v/thesis/baroclinic/steady_state/error/build/CMakeFiles/CMakeTmp

Run Build Command:"/usr/bin/gmake" "cmTC_4d2b1/fast"
/usr/bin/gmake -f CMakeFiles/cmTC_4d2b1.dir/build.make CMakeFiles/cmTC_4d2b1.dir/build
gmake[1]: Entering directory `/public/home/wab/lijh/GMCORE_v/thesis/baroclinic/steady_state/error/build/CMakeFiles/CMakeTmp'
Building Fortran object CMakeFiles/cmTC_4d2b1.dir/testFortranCompiler.f.o
/public/home/wab/software/intel/inteloneapi/compiler/latest/linux/bin/intel64/ifort    -c /public/home/wab/lijh/GMCORE_v/thesis/baroclinic/steady_state/error/build/CMakeFiles/CMakeTmp/testFortranCompiler.f -o CMakeFiles/cmTC_4d2b1.dir/testFortranCompiler.f.o
Linking Fortran executable cmTC_4d2b1
/public/software/apps/cmake/3.11.2/bin/cmake -E cmake_link_script CMakeFiles/cmTC_4d2b1.dir/link.txt --verbose=1
/public/home/wab/software/intel/inteloneapi/compiler/latest/linux/bin/intel64/ifort      CMakeFiles/cmTC_4d2b1.dir/testFortranCompiler.f.o  -o cmTC_4d2b1 
gmake[1]: Leaving directory `/public/home/wab/lijh/GMCORE_v/thesis/baroclinic/steady_state/error/build/CMakeFiles/CMakeTmp'


Detecting Fortran compiler ABI info compiled with the following output:
Change Dir: /public/home/wab/lijh/GMCORE_v/thesis/baroclinic/steady_state/error/build/CMakeFiles/CMakeTmp

Run Build Command:"/usr/bin/gmake" "cmTC_d1f91/fast"
/usr/bin/gmake -f CMakeFiles/cmTC_d1f91.dir/build.make CMakeFiles/cmTC_d1f91.dir/build
gmake[1]: Entering directory `/public/home/wab/lijh/GMCORE_v/thesis/baroclinic/steady_state/error/build/CMakeFiles/CMakeTmp'
Building Fortran object CMakeFiles/cmTC_d1f91.dir/CMakeFortranCompilerABI.F.o
/public/home/wab/software/intel/inteloneapi/compiler/latest/linux/bin/intel64/ifort    -c /public/software/apps/cmake/3.11.2/share/cmake-3.11/Modules/CMakeFortranCompilerABI.F -o CMakeFiles/cmTC_d1f91.dir/CMakeFortranCompilerABI.F.o
Linking Fortran executable cmTC_d1f91
/public/software/apps/cmake/3.11.2/bin/cmake -E cmake_link_script CMakeFiles/cmTC_d1f91.dir/link.txt --verbose=1
/public/home/wab/software/intel/inteloneapi/compiler/latest/linux/bin/intel64/ifort   -v   CMakeFiles/cmTC_d1f91.dir/CMakeFortranCompilerABI.F.o  -o cmTC_d1f91 
ifort version 19.1
/public/home/wab/software/intel/inteloneapi/compiler/2021.1-beta04/linux/bin/intel64/fortcom    -mGLOB_em64t=TRUE -mP1OPT_version=19.1-intel64 -mGLOB_diag_file=CMakeFiles/cmTC_d1f91.dir/CMakeFortranCompilerABI.F.diag -mGLOB_long_size_64 -mGLOB_routine_pointer_size_64 -mGLOB_source_language=GLOB_SOURCE_LANGUAGE_F90 -mP2OPT_static_promotion -mGLOB_pack_sort_init_list -mP1OPT_print_version=FALSE -mCG_use_gas_got_workaround=F -mP2OPT_align_option_used=TRUE -mGLOB_gcc_version=485 "-mGLOB_options_string=-v -o cmTC_d1f91" -mGLOB_cxx_limited_range=FALSE -mCG_extend_parms=FALSE -mGLOB_compiler_bin_directory=/public/home/wab/software/intel/inteloneapi/compiler/2021.1-beta04/linux/bin/intel64 -mGLOB_as_output_backup_file_name=/tmp/iforteMM8jTas_.s -mGLOB_dashboard_use_source_name -mIPOPT_activate -mGLOB_product_id_code=0x22006d91 -mP3OPT_use_mspp_call_convention -mP2OPT_subs_out_of_bound=FALSE -mP2OPT_disam_type_based_disam=2 -mGLOB_ansi_alias -mPGOPTI_value_profile_use=T -mGLOB_opt_report_use_source_name -mGLOB_offload_mode=1 -mP2OPT_offload_unique_var_string=ifort0659349504Uzm1DS -mP2OPT_hlo -mP2OPT_hpo_rtt_control=0 -mIPOPT_args_in_regs=0 -mP2OPT_disam_assume_nonstd_intent_in=FALSE -mGLOB_imf_mapping_library=/public/home/wab/software/intel/inteloneapi/compiler/2021.1-beta04/linux/bin/intel64/libiml_attr.so -mPGOPTI_gen_threadsafe_level=0 -mIPOPT_link -mIPOPT_ipo_activate -mIPOPT_mo_activate -mIPOPT_source_files_list=/tmp/ifortslismeZM93 -mIPOPT_mo_global_data -mIPOPT_link_script_file=/tmp/ifortscript0X9WJt "-mIPOPT_cmdline_link="/usr/lib/gcc/x86_64-redhat-linux/4.8.5/../../../../lib64/crt1.o" "/usr/lib/gcc/x86_64-redhat-linux/4.8.5/../../../../lib64/crti.o" "/usr/lib/gcc/x86_64-redhat-linux/4.8.5/crtbegin.o" "--eh-frame-hdr" "--build-id" "-dynamic-linker" "/lib64/ld-linux-x86-64.so.2" "-m" "elf_x86_64" "-o" "cmTC_d1f91" "/public/home/wab/software/intel/inteloneapi/compiler/2021.1-beta04/linux/compiler/lib/intel64_lin/for_main.o" "-L/public/home/wab/software/intel/inteloneapi/mpi/2021.1-beta04//libfabric/lib" "-L/public/home/wab/software/intel/inteloneapi/mpi/2021.1-beta04//lib/release" "-L/public/home/wab/software/intel/inteloneapi/mpi/2021.1-beta04//lib" "-L/public/home/wab/software/intel/inteloneapi/compiler/latest/linux/lib" "-L/public/software//compiler/intel/intel-compiler-2017.5.239/compiler/lib/intel64_lin" "-L/public/software//compiler/intel/intel-compiler-2017.5.239/mkl/lib/intel64_lin" "-L/public/home/wab/software/intel/inteloneapi/mpi/2021.1-beta04//libfabric/lib" "-L/public/home/wab/software/intel/inteloneapi/mpi/2021.1-beta04//lib/release" "-L/public/home/wab/software/intel/inteloneapi/mpi/2021.1-beta04//lib" "-L/public/home/wab/software/intel/inteloneapi/compiler/latest/linux/lib" "-L/public/software//compiler/intel/intel-compiler-2017.5.239/compiler/lib/intel64_lin" "-L/public/software//compiler/intel/intel-compiler-2017.5.239/mkl/lib/intel64_lin" "-L/public/software//compiler/intel/intel-compiler-2017.5.239/compiler/lib/intel64" "-L/public/software//compiler/intel/intel-compiler-2017.5.239/mkl/lib/intel64" "-L/public/software//compiler/intel/intel-compiler-2017.5.239/tbb/lib/intel64" "-L/public/software//compiler/intel/intel-compiler-2017.5.239/compiler/lib/intel64_lin" "-L/public/software//compiler/intel/intel-compiler-2017.5.239/mkl/lib/intel64_lin" "-L/public/software//compiler/intel/intel-compiler-2017.5.239/tbb/lib/intel64/gcc4.7" "-L/public/home/wab/software/intel/inteloneapi/compiler/2021.1-beta04/linux/compiler/lib/intel64_lin" "-L/usr/lib/gcc/x86_64-redhat-linux/4.8.5/" "-L/usr/lib/gcc/x86_64-redhat-linux/4.8.5/../../../../lib64" "-L/usr/lib/gcc/x86_64-redhat-linux/4.8.5/../../../../lib64/" "-L/lib/../lib64" "-L/lib/../lib64/" "-L/usr/lib/../lib64" "-L/usr/lib/../lib64/" "-L/public/home/wab/software/intel/inteloneapi/mpi/2021.1-beta04//libfabric/lib/" "-L/public/home/wab/software/intel/inteloneapi/mpi/2021.1-beta04//lib/release/" "-L/public/home/wab/software/intel/inteloneapi/mpi/2021.1-beta04//lib/" "-L/public/home/wab/software/intel/inteloneapi/compiler/latest/linux/lib/" "-L/public/software//compiler/intel/intel-compiler-2017.5.239/compiler/lib/intel64_lin/" "-L/public/software//compiler/intel/intel-compiler-2017.5.239/mkl/lib/intel64_lin/" "-L/public/software//compiler/intel/intel-compiler-2017.5.239/compiler/lib/intel64/" "-L/public/software//compiler/intel/intel-compiler-2017.5.239/mkl/lib/intel64/" "-L/public/software//compiler/intel/intel-compiler-2017.5.239/tbb/lib/intel64/" "-L/public/software//compiler/intel/intel-compiler-2017.5.239/tbb/lib/intel64/gcc4.7/" "-L/usr/lib/gcc/x86_64-redhat-linux/4.8.5/../../../" "-L/lib64" "-L/lib/" "-L/usr/lib64" "-L/usr/lib" "CMakeFiles/cmTC_d1f91.dir/CMakeFortranCompilerABI.F.o" "-Bdynamic" "-Bstatic" "-lifport" "-lifcoremt" "-limf" "-lsvml" "-Bdynamic" "-lm" "-Bstatic" "-lipgo" "-lirc" "-Bdynamic" "-lpthread" "-Bstatic" "-lsvml" "-Bdynamic" "-lc" "-lgcc" "-lgcc_s" "-Bstatic" "-lirc_s" "-Bdynamic" "-ldl" "-lc" "/usr/lib/gcc/x86_64-redhat-linux/4.8.5/crtend.o" "/usr/lib/gcc/x86_64-redhat-linux/4.8.5/../../../../lib64/crtn.o"" -mIPOPT_il_in_obj -mIPOPT_ipo_activate_warn=FALSE -mIPOPT_obj_output_file_name=/tmp/ipo_ifortwMwUEA.o -mIPOPT_whole_archive_fixup_file_name=/tmp/ifortwarchsfh8wI -mGLOB_linker_version=2.25.1 -mGLOB_linker=ld -mGLOB_driver_tempfile_name=/tmp/iforttempfileoOLW97 -mP3OPT_asm_target=P3OPT_ASM_TARGET_GAS -mGLOB_async_unwind_tables=TRUE -mGLOB_obj_output_file=/tmp/ipo_ifortwMwUEA.o -mGLOB_source_dialect=GLOB_SOURCE_DIALECT_NONE -mP1OPT_source_file_name=ipo_out.f -mP2OPT_symtab_type_copy=true CMakeFiles/cmTC_d1f91.dir/CMakeFortranCompilerABI.F.o -mIPOPT_object_files=T -mIPOPT_assembly_files=/tmp/ifortalisEBpaPp -mIPOPT_generated_tempfiles=/tmp/ifortelisQG6jpP -mIPOPT_embedded_object_base_name=/tmp/iforteobjU99sZe -mIPOPT_cmdline_link_new_name=/tmp/ifortllis8jaCzE
ld    /usr/lib/gcc/x86_64-redhat-linux/4.8.5/../../../../lib64/crt1.o /usr/lib/gcc/x86_64-redhat-linux/4.8.5/../../../../lib64/crti.o /usr/lib/gcc/x86_64-redhat-linux/4.8.5/crtbegin.o --eh-frame-hdr --build-id -dynamic-linker /lib64/ld-linux-x86-64.so.2 -m elf_x86_64 -o cmTC_d1f91 /public/home/wab/software/intel/inteloneapi/compiler/2021.1-beta04/linux/compiler/lib/intel64_lin/for_main.o -L/public/home/wab/software/intel/inteloneapi/mpi/2021.1-beta04//libfabric/lib -L/public/home/wab/software/intel/inteloneapi/mpi/2021.1-beta04//lib/release -L/public/home/wab/software/intel/inteloneapi/mpi/2021.1-beta04//lib -L/public/home/wab/software/intel/inteloneapi/compiler/latest/linux/lib -L/public/software//compiler/intel/intel-compiler-2017.5.239/compiler/lib/intel64_lin -L/public/software//compiler/intel/intel-compiler-2017.5.239/mkl/lib/intel64_lin -L/public/home/wab/software/intel/inteloneapi/mpi/2021.1-beta04//libfabric/lib -L/public/home/wab/software/intel/inteloneapi/mpi/2021.1-beta04//lib/release -L/public/home/wab/software/intel/inteloneapi/mpi/2021.1-beta04//lib -L/public/home/wab/software/intel/inteloneapi/compiler/latest/linux/lib -L/public/software//compiler/intel/intel-compiler-2017.5.239/compiler/lib/intel64_lin -L/public/software//compiler/intel/intel-compiler-2017.5.239/mkl/lib/intel64_lin -L/public/software//compiler/intel/intel-compiler-2017.5.239/compiler/lib/intel64 -L/public/software//compiler/intel/intel-compiler-2017.5.239/mkl/lib/intel64 -L/public/software//compiler/intel/intel-compiler-2017.5.239/tbb/lib/intel64 -L/public/software//compiler/intel/intel-compiler-2017.5.239/compiler/lib/intel64_lin -L/public/software//compiler/intel/intel-compiler-2017.5.239/mkl/lib/intel64_lin -L/public/software//compiler/intel/intel-compiler-2017.5.239/tbb/lib/intel64/gcc4.7 -L/public/home/wab/software/intel/inteloneapi/compiler/2021.1-beta04/linux/compiler/lib/intel64_lin -L/usr/lib/gcc/x86_64-redhat-linux/4.8.5/ -L/usr/lib/gcc/x86_64-redhat-linux/4.8.5/../../../../lib64 -L/usr/lib/gcc/x86_64-redhat-linux/4.8.5/../../../../lib64/ -L/lib/../lib64 -L/lib/../lib64/ -L/usr/lib/../lib64 -L/usr/lib/../lib64/ -L/public/home/wab/software/intel/inteloneapi/mpi/2021.1-beta04//libfabric/lib/ -L/public/home/wab/software/intel/inteloneapi/mpi/2021.1-beta04//lib/release/ -L/public/home/wab/software/intel/inteloneapi/mpi/2021.1-beta04//lib/ -L/public/home/wab/software/intel/inteloneapi/compiler/latest/linux/lib/ -L/public/software//compiler/intel/intel-compiler-2017.5.239/compiler/lib/intel64_lin/ -L/public/software//compiler/intel/intel-compiler-2017.5.239/mkl/lib/intel64_lin/ -L/public/software//compiler/intel/intel-compiler-2017.5.239/compiler/lib/intel64/ -L/public/software//compiler/intel/intel-compiler-2017.5.239/mkl/lib/intel64/ -L/public/software//compiler/intel/intel-compiler-2017.5.239/tbb/lib/intel64/ -L/public/software//compiler/intel/intel-compiler-2017.5.239/tbb/lib/intel64/gcc4.7/ -L/usr/lib/gcc/x86_64-redhat-linux/4.8.5/../../../ -L/lib64 -L/lib/ -L/usr/lib64 -L/usr/lib CMakeFiles/cmTC_d1f91.dir/CMakeFortranCompilerABI.F.o -Bdynamic -Bstatic -lifport -lifcoremt -limf -lsvml -Bdynamic -lm -Bstatic -lipgo -lirc -Bdynamic -lpthread -Bstatic -lsvml -Bdynamic -lc -lgcc -lgcc_s -Bstatic -lirc_s -Bdynamic -ldl -lc /usr/lib/gcc/x86_64-redhat-linux/4.8.5/crtend.o /usr/lib/gcc/x86_64-redhat-linux/4.8.5/../../../../lib64/crtn.o
gmake[1]: Leaving directory `/public/home/wab/lijh/GMCORE_v/thesis/baroclinic/steady_state/error/build/CMakeFiles/CMakeTmp'


Parsed Fortran implicit link information from above output:
  link line regex: [^( *|.*[/\])(ld|CMAKE_LINK_STARTFILE-NOTFOUND|([^/\]+-)?ld|collect2)[^/\]*( |$)]
  ignore line: [Change Dir: /public/home/wab/lijh/GMCORE_v/thesis/baroclinic/steady_state/error/build/CMakeFiles/CMakeTmp]
  ignore line: []
  ignore line: [Run Build Command:"/usr/bin/gmake" "cmTC_d1f91/fast"]
  ignore line: [/usr/bin/gmake -f CMakeFiles/cmTC_d1f91.dir/build.make CMakeFiles/cmTC_d1f91.dir/build]
  ignore line: [gmake[1]: Entering directory `/public/home/wab/lijh/GMCORE_v/thesis/baroclinic/steady_state/error/build/CMakeFiles/CMakeTmp']
  ignore line: [Building Fortran object CMakeFiles/cmTC_d1f91.dir/CMakeFortranCompilerABI.F.o]
  ignore line: [/public/home/wab/software/intel/inteloneapi/compiler/latest/linux/bin/intel64/ifort    -c /public/software/apps/cmake/3.11.2/share/cmake-3.11/Modules/CMakeFortranCompilerABI.F -o CMakeFiles/cmTC_d1f91.dir/CMakeFortranCompilerABI.F.o]
  ignore line: [Linking Fortran executable cmTC_d1f91]
  ignore line: [/public/software/apps/cmake/3.11.2/bin/cmake -E cmake_link_script CMakeFiles/cmTC_d1f91.dir/link.txt --verbose=1]
  ignore line: [/public/home/wab/software/intel/inteloneapi/compiler/latest/linux/bin/intel64/ifort   -v   CMakeFiles/cmTC_d1f91.dir/CMakeFortranCompilerABI.F.o  -o cmTC_d1f91 ]
  ignore line: [ifort version 19.1]
  ignore line: [/public/home/wab/software/intel/inteloneapi/compiler/2021.1-beta04/linux/bin/intel64/fortcom    -mGLOB_em64t=TRUE -mP1OPT_version=19.1-intel64 -mGLOB_diag_file=CMakeFiles/cmTC_d1f91.dir/CMakeFortranCompilerABI.F.diag -mGLOB_long_size_64 -mGLOB_routine_pointer_size_64 -mGLOB_source_language=GLOB_SOURCE_LANGUAGE_F90 -mP2OPT_static_promotion -mGLOB_pack_sort_init_list -mP1OPT_print_version=FALSE -mCG_use_gas_got_workaround=F -mP2OPT_align_option_used=TRUE -mGLOB_gcc_version=485 "-mGLOB_options_string=-v -o cmTC_d1f91" -mGLOB_cxx_limited_range=FALSE -mCG_extend_parms=FALSE -mGLOB_compiler_bin_directory=/public/home/wab/software/intel/inteloneapi/compiler/2021.1-beta04/linux/bin/intel64 -mGLOB_as_output_backup_file_name=/tmp/iforteMM8jTas_.s -mGLOB_dashboard_use_source_name -mIPOPT_activate -mGLOB_product_id_code=0x22006d91 -mP3OPT_use_mspp_call_convention -mP2OPT_subs_out_of_bound=FALSE -mP2OPT_disam_type_based_disam=2 -mGLOB_ansi_alias -mPGOPTI_value_profile_use=T -mGLOB_opt_report_use_source_name -mGLOB_offload_mode=1 -mP2OPT_offload_unique_var_string=ifort0659349504Uzm1DS -mP2OPT_hlo -mP2OPT_hpo_rtt_control=0 -mIPOPT_args_in_regs=0 -mP2OPT_disam_assume_nonstd_intent_in=FALSE -mGLOB_imf_mapping_library=/public/home/wab/software/intel/inteloneapi/compiler/2021.1-beta04/linux/bin/intel64/libiml_attr.so -mPGOPTI_gen_threadsafe_level=0 -mIPOPT_link -mIPOPT_ipo_activate -mIPOPT_mo_activate -mIPOPT_source_files_list=/tmp/ifortslismeZM93 -mIPOPT_mo_global_data -mIPOPT_link_script_file=/tmp/ifortscript0X9WJt "-mIPOPT_cmdline_link="/usr/lib/gcc/x86_64-redhat-linux/4.8.5/../../../../lib64/crt1.o" "/usr/lib/gcc/x86_64-redhat-linux/4.8.5/../../../../lib64/crti.o" "/usr/lib/gcc/x86_64-redhat-linux/4.8.5/crtbegin.o" "--eh-frame-hdr" "--build-id" "-dynamic-linker" "/lib64/ld-linux-x86-64.so.2" "-m" "elf_x86_64" "-o" "cmTC_d1f91" "/public/home/wab/software/intel/inteloneapi/compiler/2021.1-beta04/linux/compiler/lib/intel64_lin/for_main.o" "-L/public/home/wab/software/intel/inteloneapi/mpi/2021.1-beta04//libfabric/lib" "-L/public/home/wab/software/intel/inteloneapi/mpi/2021.1-beta04//lib/release" "-L/public/home/wab/software/intel/inteloneapi/mpi/2021.1-beta04//lib" "-L/public/home/wab/software/intel/inteloneapi/compiler/latest/linux/lib" "-L/public/software//compiler/intel/intel-compiler-2017.5.239/compiler/lib/intel64_lin" "-L/public/software//compiler/intel/intel-compiler-2017.5.239/mkl/lib/intel64_lin" "-L/public/home/wab/software/intel/inteloneapi/mpi/2021.1-beta04//libfabric/lib" "-L/public/home/wab/software/intel/inteloneapi/mpi/2021.1-beta04//lib/release" "-L/public/home/wab/software/intel/inteloneapi/mpi/2021.1-beta04//lib" "-L/public/home/wab/software/intel/inteloneapi/compiler/latest/linux/lib" "-L/public/software//compiler/intel/intel-compiler-2017.5.239/compiler/lib/intel64_lin" "-L/public/software//compiler/intel/intel-compiler-2017.5.239/mkl/lib/intel64_lin" "-L/public/software//compiler/intel/intel-compiler-2017.5.239/compiler/lib/intel64" "-L/public/software//compiler/intel/intel-compiler-2017.5.239/mkl/lib/intel64" "-L/public/software//compiler/intel/intel-compiler-2017.5.239/tbb/lib/intel64" "-L/public/software//compiler/intel/intel-compiler-2017.5.239/compiler/lib/intel64_lin" "-L/public/software//compiler/intel/intel-compiler-2017.5.239/mkl/lib/intel64_lin" "-L/public/software//compiler/intel/intel-compiler-2017.5.239/tbb/lib/intel64/gcc4.7" "-L/public/home/wab/software/intel/inteloneapi/compiler/2021.1-beta04/linux/compiler/lib/intel64_lin" "-L/usr/lib/gcc/x86_64-redhat-linux/4.8.5/" "-L/usr/lib/gcc/x86_64-redhat-linux/4.8.5/../../../../lib64" "-L/usr/lib/gcc/x86_64-redhat-linux/4.8.5/../../../../lib64/" "-L/lib/../lib64" "-L/lib/../lib64/" "-L/usr/lib/../lib64" "-L/usr/lib/../lib64/" "-L/public/home/wab/software/intel/inteloneapi/mpi/2021.1-beta04//libfabric/lib/" "-L/public/home/wab/software/intel/inteloneapi/mpi/2021.1-beta04//lib/release/" "-L/public/home/wab/software/intel/inteloneapi/mpi/2021.1-beta04//lib/" "-L/public/home/wab/software/intel/inteloneapi/compiler/latest/linux/lib/" "-L/public/software//compiler/intel/intel-compiler-2017.5.239/compiler/lib/intel64_lin/" "-L/public/software//compiler/intel/intel-compiler-2017.5.239/mkl/lib/intel64_lin/" "-L/public/software//compiler/intel/intel-compiler-2017.5.239/compiler/lib/intel64/" "-L/public/software//compiler/intel/intel-compiler-2017.5.239/mkl/lib/intel64/" "-L/public/software//compiler/intel/intel-compiler-2017.5.239/tbb/lib/intel64/" "-L/public/software//compiler/intel/intel-compiler-2017.5.239/tbb/lib/intel64/gcc4.7/" "-L/usr/lib/gcc/x86_64-redhat-linux/4.8.5/../../../" "-L/lib64" "-L/lib/" "-L/usr/lib64" "-L/usr/lib" "CMakeFiles/cmTC_d1f91.dir/CMakeFortranCompilerABI.F.o" "-Bdynamic" "-Bstatic" "-lifport" "-lifcoremt" "-limf" "-lsvml" "-Bdynamic" "-lm" "-Bstatic" "-lipgo" "-lirc" "-Bdynamic" "-lpthread" "-Bstatic" "-lsvml" "-Bdynamic" "-lc" "-lgcc" "-lgcc_s" "-Bstatic" "-lirc_s" "-Bdynamic" "-ldl" "-lc" "/usr/lib/gcc/x86_64-redhat-linux/4.8.5/crtend.o" "/usr/lib/gcc/x86_64-redhat-linux/4.8.5/../../../../lib64/crtn.o"" -mIPOPT_il_in_obj -mIPOPT_ipo_activate_warn=FALSE -mIPOPT_obj_output_file_name=/tmp/ipo_ifortwMwUEA.o -mIPOPT_whole_archive_fixup_file_name=/tmp/ifortwarchsfh8wI -mGLOB_linker_version=2.25.1 -mGLOB_linker=ld -mGLOB_driver_tempfile_name=/tmp/iforttempfileoOLW97 -mP3OPT_asm_target=P3OPT_ASM_TARGET_GAS -mGLOB_async_unwind_tables=TRUE -mGLOB_obj_output_file=/tmp/ipo_ifortwMwUEA.o -mGLOB_source_dialect=GLOB_SOURCE_DIALECT_NONE -mP1OPT_source_file_name=ipo_out.f -mP2OPT_symtab_type_copy=true CMakeFiles/cmTC_d1f91.dir/CMakeFortranCompilerABI.F.o -mIPOPT_object_files=T -mIPOPT_assembly_files=/tmp/ifortalisEBpaPp -mIPOPT_generated_tempfiles=/tmp/ifortelisQG6jpP -mIPOPT_embedded_object_base_name=/tmp/iforteobjU99sZe -mIPOPT_cmdline_link_new_name=/tmp/ifortllis8jaCzE]
  link line: [ld    /usr/lib/gcc/x86_64-redhat-linux/4.8.5/../../../../lib64/crt1.o /usr/lib/gcc/x86_64-redhat-linux/4.8.5/../../../../lib64/crti.o /usr/lib/gcc/x86_64-redhat-linux/4.8.5/crtbegin.o --eh-frame-hdr --build-id -dynamic-linker /lib64/ld-linux-x86-64.so.2 -m elf_x86_64 -o cmTC_d1f91 /public/home/wab/software/intel/inteloneapi/compiler/2021.1-beta04/linux/compiler/lib/intel64_lin/for_main.o -L/public/home/wab/software/intel/inteloneapi/mpi/2021.1-beta04//libfabric/lib -L/public/home/wab/software/intel/inteloneapi/mpi/2021.1-beta04//lib/release -L/public/home/wab/software/intel/inteloneapi/mpi/2021.1-beta04//lib -L/public/home/wab/software/intel/inteloneapi/compiler/latest/linux/lib -L/public/software//compiler/intel/intel-compiler-2017.5.239/compiler/lib/intel64_lin -L/public/software//compiler/intel/intel-compiler-2017.5.239/mkl/lib/intel64_lin -L/public/home/wab/software/intel/inteloneapi/mpi/2021.1-beta04//libfabric/lib -L/public/home/wab/software/intel/inteloneapi/mpi/2021.1-beta04//lib/release -L/public/home/wab/software/intel/inteloneapi/mpi/2021.1-beta04//lib -L/public/home/wab/software/intel/inteloneapi/compiler/latest/linux/lib -L/public/software//compiler/intel/intel-compiler-2017.5.239/compiler/lib/intel64_lin -L/public/software//compiler/intel/intel-compiler-2017.5.239/mkl/lib/intel64_lin -L/public/software//compiler/intel/intel-compiler-2017.5.239/compiler/lib/intel64 -L/public/software//compiler/intel/intel-compiler-2017.5.239/mkl/lib/intel64 -L/public/software//compiler/intel/intel-compiler-2017.5.239/tbb/lib/intel64 -L/public/software//compiler/intel/intel-compiler-2017.5.239/compiler/lib/intel64_lin -L/public/software//compiler/intel/intel-compiler-2017.5.239/mkl/lib/intel64_lin -L/public/software//compiler/intel/intel-compiler-2017.5.239/tbb/lib/intel64/gcc4.7 -L/public/home/wab/software/intel/inteloneapi/compiler/2021.1-beta04/linux/compiler/lib/intel64_lin -L/usr/lib/gcc/x86_64-redhat-linux/4.8.5/ -L/usr/lib/gcc/x86_64-redhat-linux/4.8.5/../../../../lib64 -L/usr/lib/gcc/x86_64-redhat-linux/4.8.5/../../../../lib64/ -L/lib/../lib64 -L/lib/../lib64/ -L/usr/lib/../lib64 -L/usr/lib/../lib64/ -L/public/home/wab/software/intel/inteloneapi/mpi/2021.1-beta04//libfabric/lib/ -L/public/home/wab/software/intel/inteloneapi/mpi/2021.1-beta04//lib/release/ -L/public/home/wab/software/intel/inteloneapi/mpi/2021.1-beta04//lib/ -L/public/home/wab/software/intel/inteloneapi/compiler/latest/linux/lib/ -L/public/software//compiler/intel/intel-compiler-2017.5.239/compiler/lib/intel64_lin/ -L/public/software//compiler/intel/intel-compiler-2017.5.239/mkl/lib/intel64_lin/ -L/public/software//compiler/intel/intel-compiler-2017.5.239/compiler/lib/intel64/ -L/public/software//compiler/intel/intel-compiler-2017.5.239/mkl/lib/intel64/ -L/public/software//compiler/intel/intel-compiler-2017.5.239/tbb/lib/intel64/ -L/public/software//compiler/intel/intel-compiler-2017.5.239/tbb/lib/intel64/gcc4.7/ -L/usr/lib/gcc/x86_64-redhat-linux/4.8.5/../../../ -L/lib64 -L/lib/ -L/usr/lib64 -L/usr/lib CMakeFiles/cmTC_d1f91.dir/CMakeFortranCompilerABI.F.o -Bdynamic -Bstatic -lifport -lifcoremt -limf -lsvml -Bdynamic -lm -Bstatic -lipgo -lirc -Bdynamic -lpthread -Bstatic -lsvml -Bdynamic -lc -lgcc -lgcc_s -Bstatic -lirc_s -Bdynamic -ldl -lc /usr/lib/gcc/x86_64-redhat-linux/4.8.5/crtend.o /usr/lib/gcc/x86_64-redhat-linux/4.8.5/../../../../lib64/crtn.o]
    arg [ld] ==> ignore
    arg [/usr/lib/gcc/x86_64-redhat-linux/4.8.5/../../../../lib64/crt1.o] ==> ignore
    arg [/usr/lib/gcc/x86_64-redhat-linux/4.8.5/../../../../lib64/crti.o] ==> ignore
    arg [/usr/lib/gcc/x86_64-redhat-linux/4.8.5/crtbegin.o] ==> ignore
    arg [--eh-frame-hdr] ==> ignore
    arg [--build-id] ==> ignore
    arg [-dynamic-linker] ==> ignore
    arg [/lib64/ld-linux-x86-64.so.2] ==> ignore
    arg [-m] ==> ignore
    arg [elf_x86_64] ==> ignore
    arg [-o] ==> ignore
    arg [cmTC_d1f91] ==> ignore
    arg [/public/home/wab/software/intel/inteloneapi/compiler/2021.1-beta04/linux/compiler/lib/intel64_lin/for_main.o] ==> ignore
    arg [-L/public/home/wab/software/intel/inteloneapi/mpi/2021.1-beta04//libfabric/lib] ==> dir [/public/home/wab/software/intel/inteloneapi/mpi/2021.1-beta04//libfabric/lib]
    arg [-L/public/home/wab/software/intel/inteloneapi/mpi/2021.1-beta04//lib/release] ==> dir [/public/home/wab/software/intel/inteloneapi/mpi/2021.1-beta04//lib/release]
    arg [-L/public/home/wab/software/intel/inteloneapi/mpi/2021.1-beta04//lib] ==> dir [/public/home/wab/software/intel/inteloneapi/mpi/2021.1-beta04//lib]
    arg [-L/public/home/wab/software/intel/inteloneapi/compiler/latest/linux/lib] ==> dir [/public/home/wab/software/intel/inteloneapi/compiler/latest/linux/lib]
    arg [-L/public/software//compiler/intel/intel-compiler-2017.5.239/compiler/lib/intel64_lin] ==> dir [/public/software//compiler/intel/intel-compiler-2017.5.239/compiler/lib/intel64_lin]
    arg [-L/public/software//compiler/intel/intel-compiler-2017.5.239/mkl/lib/intel64_lin] ==> dir [/public/software//compiler/intel/intel-compiler-2017.5.239/mkl/lib/intel64_lin]
    arg [-L/public/home/wab/software/intel/inteloneapi/mpi/2021.1-beta04//libfabric/lib] ==> dir [/public/home/wab/software/intel/inteloneapi/mpi/2021.1-beta04//libfabric/lib]
    arg [-L/public/home/wab/software/intel/inteloneapi/mpi/2021.1-beta04//lib/release] ==> dir [/public/home/wab/software/intel/inteloneapi/mpi/2021.1-beta04//lib/release]
    arg [-L/public/home/wab/software/intel/inteloneapi/mpi/2021.1-beta04//lib] ==> dir [/public/home/wab/software/intel/inteloneapi/mpi/2021.1-beta04//lib]
    arg [-L/public/home/wab/software/intel/inteloneapi/compiler/latest/linux/lib] ==> dir [/public/home/wab/software/intel/inteloneapi/compiler/latest/linux/lib]
    arg [-L/public/software//compiler/intel/intel-compiler-2017.5.239/compiler/lib/intel64_lin] ==> dir [/public/software//compiler/intel/intel-compiler-2017.5.239/compiler/lib/intel64_lin]
    arg [-L/public/software//compiler/intel/intel-compiler-2017.5.239/mkl/lib/intel64_lin] ==> dir [/public/software//compiler/intel/intel-compiler-2017.5.239/mkl/lib/intel64_lin]
    arg [-L/public/software//compiler/intel/intel-compiler-2017.5.239/compiler/lib/intel64] ==> dir [/public/software//compiler/intel/intel-compiler-2017.5.239/compiler/lib/intel64]
    arg [-L/public/software//compiler/intel/intel-compiler-2017.5.239/mkl/lib/intel64] ==> dir [/public/software//compiler/intel/intel-compiler-2017.5.239/mkl/lib/intel64]
    arg [-L/public/software//compiler/intel/intel-compiler-2017.5.239/tbb/lib/intel64] ==> dir [/public/software//compiler/intel/intel-compiler-2017.5.239/tbb/lib/intel64]
    arg [-L/public/software//compiler/intel/intel-compiler-2017.5.239/compiler/lib/intel64_lin] ==> dir [/public/software//compiler/intel/intel-compiler-2017.5.239/compiler/lib/intel64_lin]
    arg [-L/public/software//compiler/intel/intel-compiler-2017.5.239/mkl/lib/intel64_lin] ==> dir [/public/software//compiler/intel/intel-compiler-2017.5.239/mkl/lib/intel64_lin]
    arg [-L/public/software//compiler/intel/intel-compiler-2017.5.239/tbb/lib/intel64/gcc4.7] ==> dir [/public/software//compiler/intel/intel-compiler-2017.5.239/tbb/lib/intel64/gcc4.7]
    arg [-L/public/home/wab/software/intel/inteloneapi/compiler/2021.1-beta04/linux/compiler/lib/intel64_lin] ==> dir [/public/home/wab/software/intel/inteloneapi/compiler/2021.1-beta04/linux/compiler/lib/intel64_lin]
    arg [-L/usr/lib/gcc/x86_64-redhat-linux/4.8.5/] ==> dir [/usr/lib/gcc/x86_64-redhat-linux/4.8.5/]
    arg [-L/usr/lib/gcc/x86_64-redhat-linux/4.8.5/../../../../lib64] ==> dir [/usr/lib/gcc/x86_64-redhat-linux/4.8.5/../../../../lib64]
    arg [-L/usr/lib/gcc/x86_64-redhat-linux/4.8.5/../../../../lib64/] ==> dir [/usr/lib/gcc/x86_64-redhat-linux/4.8.5/../../../../lib64/]
    arg [-L/lib/../lib64] ==> dir [/lib/../lib64]
    arg [-L/lib/../lib64/] ==> dir [/lib/../lib64/]
    arg [-L/usr/lib/../lib64] ==> dir [/usr/lib/../lib64]
    arg [-L/usr/lib/../lib64/] ==> dir [/usr/lib/../lib64/]
    arg [-L/public/home/wab/software/intel/inteloneapi/mpi/2021.1-beta04//libfabric/lib/] ==> dir [/public/home/wab/software/intel/inteloneapi/mpi/2021.1-beta04//libfabric/lib/]
    arg [-L/public/home/wab/software/intel/inteloneapi/mpi/2021.1-beta04//lib/release/] ==> dir [/public/home/wab/software/intel/inteloneapi/mpi/2021.1-beta04//lib/release/]
    arg [-L/public/home/wab/software/intel/inteloneapi/mpi/2021.1-beta04//lib/] ==> dir [/public/home/wab/software/intel/inteloneapi/mpi/2021.1-beta04//lib/]
    arg [-L/public/home/wab/software/intel/inteloneapi/compiler/latest/linux/lib/] ==> dir [/public/home/wab/software/intel/inteloneapi/compiler/latest/linux/lib/]
    arg [-L/public/software//compiler/intel/intel-compiler-2017.5.239/compiler/lib/intel64_lin/] ==> dir [/public/software//compiler/intel/intel-compiler-2017.5.239/compiler/lib/intel64_lin/]
    arg [-L/public/software//compiler/intel/intel-compiler-2017.5.239/mkl/lib/intel64_lin/] ==> dir [/public/software//compiler/intel/intel-compiler-2017.5.239/mkl/lib/intel64_lin/]
    arg [-L/public/software//compiler/intel/intel-compiler-2017.5.239/compiler/lib/intel64/] ==> dir [/public/software//compiler/intel/intel-compiler-2017.5.239/compiler/lib/intel64/]
    arg [-L/public/software//compiler/intel/intel-compiler-2017.5.239/mkl/lib/intel64/] ==> dir [/public/software//compiler/intel/intel-compiler-2017.5.239/mkl/lib/intel64/]
    arg [-L/public/software//compiler/intel/intel-compiler-2017.5.239/tbb/lib/intel64/] ==> dir [/public/software//compiler/intel/intel-compiler-2017.5.239/tbb/lib/intel64/]
    arg [-L/public/software//compiler/intel/intel-compiler-2017.5.239/tbb/lib/intel64/gcc4.7/] ==> dir [/public/software//compiler/intel/intel-compiler-2017.5.239/tbb/lib/intel64/gcc4.7/]
    arg [-L/usr/lib/gcc/x86_64-redhat-linux/4.8.5/../../../] ==> dir [/usr/lib/gcc/x86_64-redhat-linux/4.8.5/../../../]
    arg [-L/lib64] ==> dir [/lib64]
    arg [-L/lib/] ==> dir [/lib/]
    arg [-L/usr/lib64] ==> dir [/usr/lib64]
    arg [-L/usr/lib] ==> dir [/usr/lib]
    arg [CMakeFiles/cmTC_d1f91.dir/CMakeFortranCompilerABI.F.o] ==> ignore
    arg [-Bdynamic] ==> ignore
    arg [-Bstatic] ==> ignore
    arg [-lifport] ==> lib [ifport]
    arg [-lifcoremt] ==> lib [ifcoremt]
    arg [-limf] ==> lib [imf]
    arg [-lsvml] ==> lib [svml]
    arg [-Bdynamic] ==> ignore
    arg [-lm] ==> lib [m]
    arg [-Bstatic] ==> ignore
    arg [-lipgo] ==> lib [ipgo]
    arg [-lirc] ==> lib [irc]
    arg [-Bdynamic] ==> ignore
    arg [-lpthread] ==> lib [pthread]
    arg [-Bstatic] ==> ignore
    arg [-lsvml] ==> lib [svml]
    arg [-Bdynamic] ==> ignore
    arg [-lc] ==> lib [c]
    arg [-lgcc] ==> lib [gcc]
    arg [-lgcc_s] ==> lib [gcc_s]
    arg [-Bstatic] ==> ignore
    arg [-lirc_s] ==> lib [irc_s]
    arg [-Bdynamic] ==> ignore
    arg [-ldl] ==> lib [dl]
    arg [-lc] ==> lib [c]
    arg [/usr/lib/gcc/x86_64-redhat-linux/4.8.5/crtend.o] ==> ignore
    arg [/usr/lib/gcc/x86_64-redhat-linux/4.8.5/../../../../lib64/crtn.o] ==> ignore
  collapse library dir [/public/home/wab/software/intel/inteloneapi/mpi/2021.1-beta04//libfabric/lib] ==> [/public/home/wab/software/intel/inteloneapi/mpi/2021.1-beta04/libfabric/lib]
  collapse library dir [/public/home/wab/software/intel/inteloneapi/mpi/2021.1-beta04//lib/release] ==> [/public/home/wab/software/intel/inteloneapi/mpi/2021.1-beta04/lib/release]
  collapse library dir [/public/home/wab/software/intel/inteloneapi/mpi/2021.1-beta04//lib] ==> [/public/home/wab/software/intel/inteloneapi/mpi/2021.1-beta04/lib]
  collapse library dir [/public/home/wab/software/intel/inteloneapi/compiler/latest/linux/lib] ==> [/public/home/wab/software/intel/inteloneapi/compiler/latest/linux/lib]
  collapse library dir [/public/software//compiler/intel/intel-compiler-2017.5.239/compiler/lib/intel64_lin] ==> [/public/software/compiler/intel/intel-compiler-2017.5.239/compiler/lib/intel64_lin]
  collapse library dir [/public/software//compiler/intel/intel-compiler-2017.5.239/mkl/lib/intel64_lin] ==> [/public/software/compiler/intel/intel-compiler-2017.5.239/mkl/lib/intel64_lin]
  collapse library dir [/public/home/wab/software/intel/inteloneapi/mpi/2021.1-beta04//libfabric/lib] ==> [/public/home/wab/software/intel/inteloneapi/mpi/2021.1-beta04/libfabric/lib]
  collapse library dir [/public/home/wab/software/intel/inteloneapi/mpi/2021.1-beta04//lib/release] ==> [/public/home/wab/software/intel/inteloneapi/mpi/2021.1-beta04/lib/release]
  collapse library dir [/public/home/wab/software/intel/inteloneapi/mpi/2021.1-beta04//lib] ==> [/public/home/wab/software/intel/inteloneapi/mpi/2021.1-beta04/lib]
  collapse library dir [/public/home/wab/software/intel/inteloneapi/compiler/latest/linux/lib] ==> [/public/home/wab/software/intel/inteloneapi/compiler/latest/linux/lib]
  collapse library dir [/public/software//compiler/intel/intel-compiler-2017.5.239/compiler/lib/intel64_lin] ==> [/public/software/compiler/intel/intel-compiler-2017.5.239/compiler/lib/intel64_lin]
  collapse library dir [/public/software//compiler/intel/intel-compiler-2017.5.239/mkl/lib/intel64_lin] ==> [/public/software/compiler/intel/intel-compiler-2017.5.239/mkl/lib/intel64_lin]
  collapse library dir [/public/software//compiler/intel/intel-compiler-2017.5.239/compiler/lib/intel64] ==> [/public/software/compiler/intel/intel-compiler-2017.5.239/compiler/lib/intel64]
  collapse library dir [/public/software//compiler/intel/intel-compiler-2017.5.239/mkl/lib/intel64] ==> [/public/software/compiler/intel/intel-compiler-2017.5.239/mkl/lib/intel64]
  collapse library dir [/public/software//compiler/intel/intel-compiler-2017.5.239/tbb/lib/intel64] ==> [/public/software/compiler/intel/intel-compiler-2017.5.239/tbb/lib/intel64]
  collapse library dir [/public/software//compiler/intel/intel-compiler-2017.5.239/compiler/lib/intel64_lin] ==> [/public/software/compiler/intel/intel-compiler-2017.5.239/compiler/lib/intel64_lin]
  collapse library dir [/public/software//compiler/intel/intel-compiler-2017.5.239/mkl/lib/intel64_lin] ==> [/public/software/compiler/intel/intel-compiler-2017.5.239/mkl/lib/intel64_lin]
  collapse library dir [/public/software//compiler/intel/intel-compiler-2017.5.239/tbb/lib/intel64/gcc4.7] ==> [/public/software/compiler/intel/intel-compiler-2017.5.239/tbb/lib/intel64/gcc4.7]
  collapse library dir [/public/home/wab/software/intel/inteloneapi/compiler/2021.1-beta04/linux/compiler/lib/intel64_lin] ==> [/public/home/wab/software/intel/inteloneapi/compiler/2021.1-beta04/linux/compiler/lib/intel64_lin]
  collapse library dir [/usr/lib/gcc/x86_64-redhat-linux/4.8.5/] ==> [/usr/lib/gcc/x86_64-redhat-linux/4.8.5]
  collapse library dir [/usr/lib/gcc/x86_64-redhat-linux/4.8.5/../../../../lib64] ==> [/usr/lib64]
  collapse library dir [/usr/lib/gcc/x86_64-redhat-linux/4.8.5/../../../../lib64/] ==> [/usr/lib64]
  collapse library dir [/lib/../lib64] ==> [/lib64]
  collapse library dir [/lib/../lib64/] ==> [/lib64]
  collapse library dir [/usr/lib/../lib64] ==> [/usr/lib64]
  collapse library dir [/usr/lib/../lib64/] ==> [/usr/lib64]
  collapse library dir [/public/home/wab/software/intel/inteloneapi/mpi/2021.1-beta04//libfabric/lib/] ==> [/public/home/wab/software/intel/inteloneapi/mpi/2021.1-beta04/libfabric/lib]
  collapse library dir [/public/home/wab/software/intel/inteloneapi/mpi/2021.1-beta04//lib/release/] ==> [/public/home/wab/software/intel/inteloneapi/mpi/2021.1-beta04/lib/release]
  collapse library dir [/public/home/wab/software/intel/inteloneapi/mpi/2021.1-beta04//lib/] ==> [/public/home/wab/software/intel/inteloneapi/mpi/2021.1-beta04/lib]
  collapse library dir [/public/home/wab/software/intel/inteloneapi/compiler/latest/linux/lib/] ==> [/public/home/wab/software/intel/inteloneapi/compiler/latest/linux/lib]
  collapse library dir [/public/software//compiler/intel/intel-compiler-2017.5.239/compiler/lib/intel64_lin/] ==> [/public/software/compiler/intel/intel-compiler-2017.5.239/compiler/lib/intel64_lin]
  collapse library dir [/public/software//compiler/intel/intel-compiler-2017.5.239/mkl/lib/intel64_lin/] ==> [/public/software/compiler/intel/intel-compiler-2017.5.239/mkl/lib/intel64_lin]
  collapse library dir [/public/software//compiler/intel/intel-compiler-2017.5.239/compiler/lib/intel64/] ==> [/public/software/compiler/intel/intel-compiler-2017.5.239/compiler/lib/intel64]
  collapse library dir [/public/software//compiler/intel/intel-compiler-2017.5.239/mkl/lib/intel64/] ==> [/public/software/compiler/intel/intel-compiler-2017.5.239/mkl/lib/intel64]
  collapse library dir [/public/software//compiler/intel/intel-compiler-2017.5.239/tbb/lib/intel64/] ==> [/public/software/compiler/intel/intel-compiler-2017.5.239/tbb/lib/intel64]
  collapse library dir [/public/software//compiler/intel/intel-compiler-2017.5.239/tbb/lib/intel64/gcc4.7/] ==> [/public/software/compiler/intel/intel-compiler-2017.5.239/tbb/lib/intel64/gcc4.7]
  collapse library dir [/usr/lib/gcc/x86_64-redhat-linux/4.8.5/../../../] ==> [/usr/lib]
  collapse library dir [/lib64] ==> [/lib64]
  collapse library dir [/lib/] ==> [/lib]
  collapse library dir [/usr/lib64] ==> [/usr/lib64]
  collapse library dir [/usr/lib] ==> [/usr/lib]
  implicit libs: [ifport;ifcoremt;imf;svml;m;ipgo;irc;pthread;svml;c;gcc;gcc_s;irc_s;dl;c]
  implicit dirs: [/public/home/wab/software/intel/inteloneapi/mpi/2021.1-beta04/libfabric/lib;/public/home/wab/software/intel/inteloneapi/mpi/2021.1-beta04/lib/release;/public/home/wab/software/intel/inteloneapi/mpi/2021.1-beta04/lib;/public/home/wab/software/intel/inteloneapi/compiler/latest/linux/lib;/public/software/compiler/intel/intel-compiler-2017.5.239/compiler/lib/intel64_lin;/public/software/compiler/intel/intel-compiler-2017.5.239/mkl/lib/intel64_lin;/public/software/compiler/intel/intel-compiler-2017.5.239/compiler/lib/intel64;/public/software/compiler/intel/intel-compiler-2017.5.239/mkl/lib/intel64;/public/software/compiler/intel/intel-compiler-2017.5.239/tbb/lib/intel64;/public/software/compiler/intel/intel-compiler-2017.5.239/tbb/lib/intel64/gcc4.7;/public/home/wab/software/intel/inteloneapi/compiler/2021.1-beta04/linux/compiler/lib/intel64_lin;/usr/lib/gcc/x86_64-redhat-linux/4.8.5;/usr/lib64;/lib64;/usr/lib;/lib]
  implicit fwks: []


Determining if the Fortran compiler supports Fortran 90 passed with the following output:
Change Dir: /public/home/wab/lijh/GMCORE_v/thesis/baroclinic/steady_state/error/build/CMakeFiles/CMakeTmp

Run Build Command:"/usr/bin/gmake" "cmTC_56d46/fast"
/usr/bin/gmake -f CMakeFiles/cmTC_56d46.dir/build.make CMakeFiles/cmTC_56d46.dir/build
gmake[1]: Entering directory `/public/home/wab/lijh/GMCORE_v/thesis/baroclinic/steady_state/error/build/CMakeFiles/CMakeTmp'
Building Fortran object CMakeFiles/cmTC_56d46.dir/testFortranCompilerF90.f90.o
/public/home/wab/software/intel/inteloneapi/compiler/latest/linux/bin/intel64/ifort    -c /public/home/wab/lijh/GMCORE_v/thesis/baroclinic/steady_state/error/build/CMakeFiles/CMakeTmp/testFortranCompilerF90.f90 -o CMakeFiles/cmTC_56d46.dir/testFortranCompilerF90.f90.o
Linking Fortran executable cmTC_56d46
/public/software/apps/cmake/3.11.2/bin/cmake -E cmake_link_script CMakeFiles/cmTC_56d46.dir/link.txt --verbose=1
/public/home/wab/software/intel/inteloneapi/compiler/latest/linux/bin/intel64/ifort      CMakeFiles/cmTC_56d46.dir/testFortranCompilerF90.f90.o  -o cmTC_56d46 
gmake[1]: Leaving directory `/public/home/wab/lijh/GMCORE_v/thesis/baroclinic/steady_state/error/build/CMakeFiles/CMakeTmp'


